09:08:34.867  [http-nio-8100-exec-16] ERROR com.alibaba.druid.filter.stat.StatFilter - slow sql 2588 millis. select
          location_id, country, region, city, latitude, longitude
        from location
        where location_id = ? [1]
09:37:23.749  [http-nio-8100-exec-12] ERROR com.programmercy.controller.UserProfileController - chenyun-user:controller:UserProfileController:pageForAListOfUsers:Exception: 【{}】
09:39:11.252  [http-nio-8100-exec-6] ERROR com.programmercy.controller.UserProfileController - chenyun-user:controller:UserProfileController:pageForAListOfUsers:Exception: 【{}】
09:39:11.256  [nacos-grpc-client-executor-192.168.116.131-19] ERROR com.alibaba.nacos.common.remote.client.grpc.GrpcClient - [1734572234278_192.168.116.1_64122]Request stream onCompleted, switch server
09:39:11.257  [nacos-grpc-client-executor-192.168.116.131-19] ERROR com.alibaba.nacos.common.remote.client.grpc.GrpcClient - [1734572237635_192.168.116.1_64154]Request stream onCompleted, switch server
09:39:11.256  [timeoutChecker_1_1] ERROR io.seata.core.rpc.netty.NettyClientChannelManager - 0304 register RM failed.
io.seata.common.exception.FrameworkException: can not connect to services-server.
	at io.seata.core.rpc.netty.NettyClientBootstrap.getNewChannel(NettyClientBootstrap.java:182) ~[seata-all-1.7.0.jar:1.7.0]
	at io.seata.core.rpc.netty.NettyPoolableFactory.makeObject(NettyPoolableFactory.java:58) ~[seata-all-1.7.0.jar:1.7.0]
	at io.seata.core.rpc.netty.NettyPoolableFactory.makeObject(NettyPoolableFactory.java:34) ~[seata-all-1.7.0.jar:1.7.0]
	at org.apache.commons.pool.impl.GenericKeyedObjectPool.borrowObject(GenericKeyedObjectPool.java:1220) ~[commons-pool-1.6.jar:1.6]
	at io.seata.core.rpc.netty.NettyClientChannelManager.doConnect(NettyClientChannelManager.java:236) ~[seata-all-1.7.0.jar:1.7.0]
	at io.seata.core.rpc.netty.NettyClientChannelManager.acquireChannel(NettyClientChannelManager.java:109) ~[seata-all-1.7.0.jar:1.7.0]
	at io.seata.core.rpc.netty.NettyClientChannelManager.reconnect(NettyClientChannelManager.java:186) ~[seata-all-1.7.0.jar:1.7.0]
	at io.seata.core.rpc.netty.AbstractNettyRemotingClient$1.run(AbstractNettyRemotingClient.java:115) ~[seata-all-1.7.0.jar:1.7.0]
	at java.util.concurrent.Executors$RunnableAdapter.call(Executors.java:539) ~[?:?]
	at java.util.concurrent.FutureTask.runAndReset$$$capture(FutureTask.java:305) ~[?:?]
	at java.util.concurrent.FutureTask.runAndReset(FutureTask.java) ~[?:?]
	at java.util.concurrent.ScheduledThreadPoolExecutor$ScheduledFutureTask.run(ScheduledThreadPoolExecutor.java:305) ~[?:?]
	at java.util.concurrent.ThreadPoolExecutor.runWorker(ThreadPoolExecutor.java:1136) ~[?:?]
	at java.util.concurrent.ThreadPoolExecutor$Worker.run(ThreadPoolExecutor.java:635) ~[?:?]
	at io.netty.util.concurrent.FastThreadLocalRunnable.run(FastThreadLocalRunnable.java:30) ~[netty-common-4.1.87.Final.jar:4.1.87.Final]
	at java.lang.Thread.run(Thread.java:833) ~[?:?]
Caused by: io.seata.common.exception.FrameworkException: connect failed, can not connect to services-server.
	at io.seata.core.rpc.netty.NettyClientBootstrap.getNewChannel(NettyClientBootstrap.java:177) ~[seata-all-1.7.0.jar:1.7.0]
	... 15 more
09:39:11.264  [timeoutChecker_1_1] ERROR io.seata.core.rpc.netty.NettyClientChannelManager - 0101 can not connect to 192.168.116.131:8091 cause:can not register RM,err:can not connect to services-server.
io.seata.common.exception.FrameworkException: can not register RM,err:can not connect to services-server.
	at io.seata.core.rpc.netty.NettyClientChannelManager.doConnect(NettyClientChannelManager.java:240) ~[seata-all-1.7.0.jar:1.7.0]
	at io.seata.core.rpc.netty.NettyClientChannelManager.acquireChannel(NettyClientChannelManager.java:109) ~[seata-all-1.7.0.jar:1.7.0]
	at io.seata.core.rpc.netty.NettyClientChannelManager.reconnect(NettyClientChannelManager.java:186) ~[seata-all-1.7.0.jar:1.7.0]
	at io.seata.core.rpc.netty.AbstractNettyRemotingClient$1.run(AbstractNettyRemotingClient.java:115) ~[seata-all-1.7.0.jar:1.7.0]
	at java.util.concurrent.Executors$RunnableAdapter.call(Executors.java:539) ~[?:?]
	at java.util.concurrent.FutureTask.runAndReset$$$capture(FutureTask.java:305) ~[?:?]
	at java.util.concurrent.FutureTask.runAndReset(FutureTask.java) ~[?:?]
	at java.util.concurrent.ScheduledThreadPoolExecutor$ScheduledFutureTask.run(ScheduledThreadPoolExecutor.java:305) ~[?:?]
	at java.util.concurrent.ThreadPoolExecutor.runWorker(ThreadPoolExecutor.java:1136) ~[?:?]
	at java.util.concurrent.ThreadPoolExecutor$Worker.run(ThreadPoolExecutor.java:635) ~[?:?]
	at io.netty.util.concurrent.FastThreadLocalRunnable.run(FastThreadLocalRunnable.java:30) ~[netty-common-4.1.87.Final.jar:4.1.87.Final]
	at java.lang.Thread.run(Thread.java:833) ~[?:?]
09:43:56.447  [http-nio-8100-exec-24] ERROR com.alibaba.druid.filter.stat.StatFilter - slow sql 3186 millis. select count(1)
        from user
         WHERE  role = ? [1]
09:44:59.092  [http-nio-8100-exec-52] ERROR com.alibaba.druid.filter.stat.StatFilter - slow sql 2898 millis. select count(1)
        from user
         WHERE  role = ? [1]
10:36:55.236  [http-nio-8100-exec-14] ERROR com.programmercy.controller.UserProfileController - chenyun-user:controller:UserProfileController:searchUser:Exception: [For input string: "undefined"]
10:38:15.902  [http-nio-8100-exec-17] ERROR com.programmercy.controller.UserProfileController - chenyun-user:controller:UserProfileController:searchUser:Exception: [For input string: "undefined"]
10:39:34.660  [http-nio-8100-exec-21] ERROR com.programmercy.controller.UserProfileController - chenyun-user:controller:UserProfileController:searchUser:Exception: [For input string: "undefined"]
10:41:25.032  [http-nio-8100-exec-29] ERROR com.programmercy.controller.UserProfileController - chenyun-user:controller:UserProfileController:searchUser:Exception: [For input string: "undefined"]
10:45:31.847  [http-nio-8100-exec-54] ERROR com.alibaba.druid.filter.stat.StatFilter - slow sql 3922 millis. select user_id,
               username,
               password,
               role,
               avatar,
               email,
               created_at,
               location_id,
               nickname,
               user_status,
               information,
               info_status,
               review_info
        from user
        where user_id = ? [3]
10:46:18.410  [http-nio-8100-exec-55] ERROR com.programmercy.controller.UserProfileController - chenyun-user:controller:UserProfileController:searchUser:Exception: [For input string: "undefined"]
10:46:18.411  [nacos-grpc-client-executor-192.168.116.131-116] ERROR com.alibaba.nacos.common.remote.client.grpc.GrpcClient - [1734575795704_192.168.116.1_60472]Request stream onCompleted, switch server
10:46:18.412  [nacos-grpc-client-executor-192.168.116.131-118] ERROR com.alibaba.nacos.common.remote.client.grpc.GrpcClient - [1734575791930_192.168.116.1_60440]Request stream onCompleted, switch server
10:51:09.928  [http-nio-8100-exec-1] ERROR com.programmercy.controller.UserProfileController - chenyun-user:controller:UserProfileController:searchUser:Exception: [For input string: "undefined"]
10:53:04.302  [http-nio-8100-exec-7] ERROR com.programmercy.controller.UserProfileController - chenyun-user:controller:UserProfileController:searchUser:Exception: [Cannot parse null string]
11:13:35.131  [http-nio-8100-exec-5] ERROR com.programmercy.controller.UserProfileController - chenyun-user:controller:UserProfileController:getSearchUserInfoAuditList:Exception: [Cannot invoke "java.lang.Long.longValue()" because "currentPage" is null]
11:14:46.872  [http-nio-8100-exec-12] ERROR com.programmercy.controller.UserProfileController - chenyun-user:controller:UserProfileController:getSearchUserInfoAuditList:Exception: [Cannot invoke "java.lang.Long.longValue()" because "currentPage" is null]
